<?xml version="1.0" encoding="UTF-8"?>
<!-- Generated by org.testng.reporters.JUnitReportReporter -->
<testsuite hostname="LAPTOP-PDKAF0Q8" failures="0" tests="3" name="com.subscribeStcTv.testCases.stcPlanTest" time="9.912" errors="0" timestamp="2022-09-19T11:44:42 GST" skipped="0">
  <testcase classname="com.subscribeStcTv.testCases.stcPlanTest" name="getCountry" time="9.675"/>
  <system-out/>
  <testcase classname="com.subscribeStcTv.testCases.stcPlanTest" name="validateCountryavailability" time="0.135"/>
  <system-out/>
  <testcase classname="com.subscribeStcTv.testCases.stcPlanTest" name="validatecountrypopup" time="0.102"/>
  <system-out/>
</testsuite> <!-- com.subscribeStcTv.testCases.stcPlanTest -->
